This file contains any messages produced by compilers while
running configure, to aid debugging if configure makes a mistake.

It was created by python configure 2.7, which was
generated by GNU Autoconf 2.69.  Invocation command line was

  $ ./configure --prefix /usr/local/lib/python2.7.13 --enable-ipv6

## --------- ##
## Platform. ##
## --------- ##

hostname = ip-172-31-32-169.ec2.internal
uname -m = x86_64
uname -r = 6.1.163-186.299.amzn2023.x86_64
uname -s = Linux
uname -v = #1 SMP PREEMPT_DYNAMIC Tue Feb 24 16:35:42 UTC 2026

/usr/bin/uname -p = x86_64
/bin/uname -X     = unknown

/bin/arch              = x86_64
/usr/bin/arch -k       = unknown
/usr/convex/getsysinfo = unknown
/usr/bin/hostinfo      = unknown
/bin/machine           = unknown
/usr/bin/oslevel       = unknown
/bin/universe          = unknown

PATH: /home/ec2-user/.nvm/versions/node/v10.15.1/bin
PATH: /home/ec2-user/.local/bin
PATH: /home/ec2-user/bin
PATH: /usr/local/bin
PATH: /usr/bin
PATH: /usr/local/sbin
PATH: /usr/sbin


## ----------- ##
## Core tests. ##
## ----------- ##

configure:2845: checking build system type
configure:2859: result: x86_64-pc-linux-gnu
configure:2879: checking host system type
configure:2892: result: x86_64-pc-linux-gnu
configure:3007: checking for --enable-universalsdk
configure:3048: result: no
configure:3058: checking for --with-universal-archs
configure:3075: result: 32-bit
configure:3232: checking MACHDEP
configure:3424: result: linux2
configure:3433: checking EXTRAPLATDIR
configure:3448: result: 
configure:3469: checking for --without-gcc
configure:3513: result: no
configure:3516: checking for --with-icc
configure:3536: result: no
configure:3630: checking for gcc
configure:3660: result: no
configure:3723: checking for cc
configure:3770: result: no
configure:3826: checking for cl.exe
configure:3856: result: no
configure:3880: error: in `/home/ec2-user/git/ux-stories/UX-Stories/python_update/Python-2.7.13':
configure:3882: error: no acceptable C compiler found in $PATH
See `config.log' for more details

## ---------------- ##
## Cache variables. ##
## ---------------- ##

ac_cv_build=x86_64-pc-linux-gnu
ac_cv_env_CC_set=
ac_cv_env_CC_value=
ac_cv_env_CFLAGS_set=
ac_cv_env_CFLAGS_value=
ac_cv_env_CPPFLAGS_set=
ac_cv_env_CPPFLAGS_value=
ac_cv_env_CPP_set=
ac_cv_env_CPP_value=
ac_cv_env_LDFLAGS_set=
ac_cv_env_LDFLAGS_value=
ac_cv_env_LIBS_set=
ac_cv_env_LIBS_value=
ac_cv_env_PKG_CONFIG_LIBDIR_set=
ac_cv_env_PKG_CONFIG_LIBDIR_value=
ac_cv_env_PKG_CONFIG_PATH_set=
ac_cv_env_PKG_CONFIG_PATH_value=
ac_cv_env_PKG_CONFIG_set=
ac_cv_env_PKG_CONFIG_value=
ac_cv_env_build_alias_set=
ac_cv_env_build_alias_value=
ac_cv_env_host_alias_set=
ac_cv_env_host_alias_value=
ac_cv_env_target_alias_set=
ac_cv_env_target_alias_value=
ac_cv_host=x86_64-pc-linux-gnu

## ----------------- ##
## Output variables. ##
## ----------------- ##

AR=''
ARCH_RUN_32BIT=''
ARFLAGS=''
BASECFLAGS=''
BLDLIBRARY=''
BLDSHARED=''
BUILDEXEEXT=''
CC=''
CCSHARED=''
CFLAGS=''
CFLAGSFORSHARED=''
CONFIGURE_MACOSX_DEPLOYMENT_TARGET=''
CONFIG_ARGS=' '\''--prefix'\'' '\''/usr/local/lib/python2.7.13'\'' '\''--enable-ipv6'\'''
CPP=''
CPPFLAGS=''
CXX=''
DEFS=''
DEF_MAKE_ALL_RULE=''
DEF_MAKE_RULE=''
DLINCLDIR=''
DLLLIBRARY=''
DYNLOADFILE=''
ECHO_C=''
ECHO_N='-n'
ECHO_T=''
EGREP=''
ENSUREPIP=''
EXEEXT=''
EXPORT_MACOSX_DEPLOYMENT_TARGET='#'
EXTRAMACHDEPPATH=''
EXTRAPLATDIR=''
FRAMEWORKALTINSTALLFIRST=''
FRAMEWORKALTINSTALLLAST=''
FRAMEWORKINSTALLAPPSPREFIX=''
FRAMEWORKINSTALLFIRST=''
FRAMEWORKINSTALLLAST=''
FRAMEWORKUNIXTOOLSPREFIX='/usr/local/lib/python2.7.13'
GENERATED_COMMENT=''
GNULD=''
GREP=''
HAS_HG=''
HAVE_GETHOSTBYNAME=''
HAVE_GETHOSTBYNAME_R=''
HAVE_GETHOSTBYNAME_R_3_ARG=''
HAVE_GETHOSTBYNAME_R_5_ARG=''
HAVE_GETHOSTBYNAME_R_6_ARG=''
HGBRANCH=''
HGTAG=''
HGVERSION=''
INSTALL_DATA=''
INSTALL_PROGRAM=''
INSTALL_SCRIPT=''
INSTSONAME=''
LDCXXSHARED=''
LDFLAGS=''
LDLAST=''
LDLIBRARY=''
LDLIBRARYDIR=''
LDSHARED=''
LIBC=''
LIBFFI_INCLUDEDIR=''
LIBM=''
LIBOBJS=''
LIBRARY=''
LIBS=''
LIBTOOL_CRUFT=''
LINKCC=''
LINKFORSHARED=''
LIPO_32BIT_FLAGS=''
LLVM_PROFDATA=''
LLVM_PROF_ERR=''
LLVM_PROF_FILE=''
LLVM_PROF_FOUND=''
LLVM_PROF_MERGER=''
LN=''
LTLIBOBJS=''
LTOFLAGS=''
MACHDEP='linux2'
MACHDEP_OBJS=''
MAINCC=''
MKDIR_P=''
MULTIARCH=''
OBJEXT=''
OPT=''
OTHER_LIBTOOL_OPT=''
PACKAGE_BUGREPORT='https://bugs.python.org/'
PACKAGE_NAME='python'
PACKAGE_STRING='python 2.7'
PACKAGE_TARNAME='python'
PACKAGE_URL=''
PACKAGE_VERSION='2.7'
PATH_SEPARATOR=':'
PGO_PROF_GEN_FLAG=''
PGO_PROF_USE_FLAG=''
PKG_CONFIG=''
PKG_CONFIG_LIBDIR=''
PKG_CONFIG_PATH=''
PLATDIR='plat-linux2'
PYTHONFRAMEWORK=''
PYTHONFRAMEWORKDIR='no-framework'
PYTHONFRAMEWORKIDENTIFIER='org.python.python'
PYTHONFRAMEWORKINSTALLDIR=''
PYTHONFRAMEWORKPREFIX=''
PYTHON_FOR_BUILD='./$(BUILDPYTHON) -E'
RANLIB=''
RUNSHARED=''
SGI_ABI=''
SHELL='/bin/sh'
SHLIBS=''
SIGNAL_OBJS=''
SO=''
SOVERSION='1.0'
SRCDIRS=''
SVNVERSION=''
TCLTK_INCLUDES=''
TCLTK_LIBS=''
THREADHEADERS=''
THREADOBJ=''
TRUE=''
UNICODE_OBJS=''
UNIVERSALSDK=''
UNIVERSAL_ARCH_FLAGS=''
USE_SIGNAL_MODULE=''
USE_THREAD_MODULE=''
VERSION='2.7'
_PYTHON_HOST_PLATFORM=''
ac_ct_AR=''
ac_ct_CC=''
ac_ct_CXX=''
bindir='${exec_prefix}/bin'
build='x86_64-pc-linux-gnu'
build_alias=''
build_cpu='x86_64'
build_os='linux-gnu'
build_vendor='pc'
datadir='${datarootdir}'
datarootdir='${prefix}/share'
docdir='${datarootdir}/doc/${PACKAGE_TARNAME}'
dvidir='${docdir}'
exec_prefix='NONE'
host='x86_64-pc-linux-gnu'
host_alias=''
host_cpu='x86_64'
host_os='linux-gnu'
host_vendor='pc'
htmldir='${docdir}'
includedir='${prefix}/include'
infodir='${datarootdir}/info'
libdir='${exec_prefix}/lib'
libexecdir='${exec_prefix}/libexec'
localedir='${datarootdir}/locale'
localstatedir='${prefix}/var'
mandir='${datarootdir}/man'
oldincludedir='/usr/include'
pdfdir='${docdir}'
prefix='/usr/local/lib/python2.7.13'
program_transform_name='s,x,x,'
psdir='${docdir}'
runstatedir='${localstatedir}/run'
sbindir='${exec_prefix}/sbin'
sharedstatedir='${prefix}/com'
sysconfdir='${prefix}/etc'
target=''
target_alias=''
target_cpu=''
target_os=''
target_vendor=''

## ----------- ##
## confdefs.h. ##
## ----------- ##

/* confdefs.h */
#define _GNU_SOURCE 1
#define _NETBSD_SOURCE 1
#define __BSD_VISIBLE 1
#define _BSD_TYPES 1
#define _DARWIN_C_SOURCE 1
#define _XOPEN_SOURCE 600
#define _XOPEN_SOURCE_EXTENDED 1
#define _POSIX_C_SOURCE 200112L

configure: exit 1
